1 0 2381 -61 -50 17 844 21 45
1 0 882 -61 -50 2 470 17 15
1 0 553 -61 -50 3 389 18 63
1 0 466 -61 -50 3 443 30 56
1 0 754 -61 -50 5 289 13 276
1 0 985 -61 -50 4 507 23 679
1 0 1021 -61 -50 3 297 21 488
1 0 1034 -59 -50 5 492 26 711
1 0 941 -59 -50 2 440 22 421
1 0 1090 -59 -50 4 435 22 624
1 0 922 -59 -50 4 314 25 461
1 0 1158 -59 -50 4 345 19 815
1 0 830 -59 -40 2 329 13 464
1 0 1017 -59 -40 4 373 37 671
1 0 986 -59 -40 3 354 14 573
1 0 1034 -59 -40 3 333 22 663
1 0 1020 -59 -50 5 413 28 660
1 0 1046 -59 -50 3 656 19 602
1 0 908 -59 -50 4 600 37 229
1 1 3025 -59 -50 5 793 32 2383
1 1 1084 -59 -50 5 414 13 254
1 1 880 -58 -50 2 330 12 451
1 1 1019 -58 -50 5 461 27 672
1 1 1303 -58 -50 5 486 12 810
1 1 678 -58 -50 2 289 20 178
1 1 1027 -56 -60 4 360 26 714
1 1 1028 -56 -60 5 439 31 637
1 1 1006 -56 -60 5 450 27 531
1 1 973 -56 -60 6 501 11 490
1 1 969 -56 -60 3 624 27 454
1 1 1056 -54 -60 5 615 28 400
1 1 893 -54 -60 5 468 28 245
1 1 16064 -53 -50 2 1508 28 15566
1 1 1577 -53 -50 12 761 34 29
1 1 900 -53 -50 5 768 27 100
1 1 888 -52 -60 5 579 12 88
1 1 692 -52 -60 3 341 17 98
1 1 950 -52 -60 3 724 26 589
1 1 1025 -52 -60 9 1047 79 266
1 1 1593 -52 -60 3 383 11 464
1 1 410 -52 -60 3 398 22 13
1 1 951 -52 -60 2 370 35 529
1 1 1092 -52 -60 10 323 26 677
1 1 911 -52 -60 2 648 27 560
1 1 1053 -52 -60 5 679 28 373
1 1 966 -52 -60 6 887 35 253
1 1 1138 -52 -50 5 309 32 211
1 1 842 -52 -50 2 264 16 499
1 1 1016 -52 -50 4 495 34 732
1 1 980 -52 -50 3 288 19 448
1 1 1009 -52 -50 3 365 28 699
1 1 1006 -54 -50 2 430 14 611
1 1 995 -54 -50 4 530 50 547
1 1 1069 -54 -50 6 655 48 483
1 1 938 -54 -50 4 753 88 231
1 1 1200 -54 -50 7 331 29 352
1 1 832 -54 -50 5 405 31 467
1 1 979 -54 -50 5 311 31 538
1 1 973 -56 -50 2 505 16 629
1 1 1012 -56 -50 8 656 52 483
1 1 1010 -56 -50 10 314 57 292
1 1 990 -56 -50 2 309 23 617
1 1 1014 -56 -50 4 298 27 678
1 1 973 -56 -50 2 483 17 646
1 1 1014 -56 -50 5 291 31 509
1 1 1034 -56 -50 4 509 12 708
1 1 998 -56 -50 3 654 27 474
1 1 928 -56 -50 211 316 29 36
1 1 14914 -54 -50 5 1028 36 14564
1 1 1100 -54 -50 6 446 38 30
1 1 878 -54 -50 6 543 11 388
1 1 1263 -54 -50 2 505 12 707
1 1 714 -54 -50 2 593 25 195
1 1 1036 -54 -50 3 913 22 415
1 1 1096 -54 -50 4 535 22 157
1 1 912 -52 -50 4 281 20 351
1 1 957 -52 -50 3 270 20 653
1 1 1039 -52 -50 2 1092 26 747
1 1 1373 -52 -50 3 296 14 252
1 1 635 -52 -60 3 562 22 322
1 1 1000 -52 -60 4 573 30 412
1 1 995 -52 -60 2 389 11 390
1 1 979 -52 -60 3 411 15 576
1 1 1065 -52 -60 3 452 15 636
1 1 925 -52 -60 3 441 16 455
1 1 1009 -52 -60 3 518 23 549
1 1 999 -50 -50 3 558 20 455
1 1 1043 -50 -50 4 981 44 461
1 1 1252 -50 -50 4 610 22 223
1 1 787 -50 -50 4 354 23 151
1 1 918 -50 -50 4 440 32 537
1 1 997 -50 -50 3 421 24 522
1 1 1004 -50 -50 4 419 24 555
1 1 996 -50 -50 3 594 12 550
1 1 991 -50 -50 2 279 16 383
1 1 1002 -50 -50 2 405 17 705
1 1 1079 -50 -50 5 299 209 652
1 1 916 -50 -50 2 365 13 406
1 1 1017 -50 -50 4 309 29 635
1 1 1102 -51 -60 4 336 33 760
1 1 904 -51 -60 5 786 28 530
1 1 1031 -51 -60 6 818 26 211
1 1 1056 -51 -60 5 355 37 207
1 1 428 -51 -60 7 577 38 29
1 1 15506 -51 -50 2 1389 27 14889
1 1 1500 -51 -50 2 322 136 82
1 1 1110 -51 -50 2 375 19 650
1 1 415 -51 -50 3 511 21 18
1 1 957 -51 -50 4 656 23 421
1 1 1026 -51 -50 4 437 29 343
1 1 978 -51 -50 5 373 29 507
1 1 1110 -51 -50 7 300 28 701
1 1 892 -51 -50 4 383 30 560
1 1 973 -51 -50 3 403 26 557
1 1 1018 -51 -50 4 492 36 585
1 1 998 -51 -50 5 561 34 465
1 1 1038 -51 -50 5 377 28 438
1 1 1109 -51 -50 175 484 16 529
1 1 837 -51 -50 2 1575 30 335
1 1 1640 -51 -50 4 593 28 31
1 1 717 -51 -50 4 300 12 92
1 1 653 -51 -50 2 455 16 339
1 1 998 -51 -50 4 630 40 523
1 1 1053 -51 -50 5 638 35 378
1 1 962 -51 -50 5 309 39 284
1 1 970 -51 -50 2 311 24 620
1 1 1067 -53 -50 4 1067 69 728
1 1 1464 -53 -50 7 304 13 321
1 1 471 -53 -50 2 1207 27 152
1 1 1270 -53 -50 4 342 28 32
1 1 835 -53 -50 4 554 36 461
1 1 986 -53 -50 33 300 40 363
1 1 910 -53 -50 3 624 29 567
1 1 1051 -53 -50 4 511 36 394
1 1 987 -53 -50 6 491 15 434
1 1 958 -56 -50 2 516 15 450
1 1 1232 -56 -50 221 963 33 480
1 1 1031 -58 -50 5 497 26 30
1 1 759 -58 -50 7 411 26 229
1 1 594 -58 -50 2 382 12 155
1 1 15867 -56 -50 2 679 23 15471
1 1 986 -56 -50 6 415 32 278
1 1 1014 -53 -50 4 465 25 563
1 1 991 -53 -50 5 644 29 496
1 1 1100 -53 -50 5 913 28 422
1 1 978 -53 -50 5 527 287 32
1 1 1297 -53 -50 2 955 27 481
1 1 1017 -53 -50 5 328 29 30
1 1 615 -53 -50 5 490 78 253
2 0 1855 -55 -60 5 527 28 548
2 0 685 -55 -60 15 956 27 115
2 0 1097 -52 -60 5 673 31 109
2 0 874 -52 -60 5 592 25 165
2 0 704 -50 -60 2 560 30 85
2 0 766 -50 -60 4 405 21 172
2 0 975 -50 -60 4 470 22 545
2 0 997 -50 -60 3 347 29 502
2 0 1057 -51 -50 6 414 24 675
2 0 954 -51 -50 5 506 26 511
2 0 1039 -51 -50 5 648 27 502
2 0 965 -51 -50 6 304 21 284
2 0 975 -51 -50 2 392 38 648
2 0 1183 -51 -50 4 336 20 749
2 0 831 -51 -50 4 355 21 471
2 0 1023 -53 -50 3 286 22 644
2 0 1055 -53 -50 4 325 28 743
2 0 908 -53 -50 2 580 21 553
2 0 1059 -53 -50 5 582 13 453
2 0 987 -53 -50 4 392 21 388
2 2 967 -53 -50 4 352 21 550
2 2 1065 -53 -50 4 652 14 688
2 2 929 -53 -50 3 610 30 260
2 2 1048 -53 -50 6 390 32 402
2 2 983 -53 -50 5 519 12 556
2 2 965 -53 -50 2 738 58 432
2 2 1124 -53 -50 4 688 32 324
2 2 953 -53 -50 5 293 34 228
2 2 940 -53 -50 5 312 37 608
2 2 591 -53 -50 2 845 16 240
2 2 15447 -52 -50 2 1344 35 14584
2 2 1431 -52 -50 8 596 31 44
2 2 764 -50 -50 17 547 21 120
2 2 825 -50 -50 2 678 25 255
2 2 928 -50 -50 2 298 16 223
2 2 1007 -50 -50 3 365 31 690
2 2 1026 -50 -50 4 361 40 626
2 2 966 -50 -50 2 318 30 563
2 2 1034 -50 -50 4 328 28 682
2 2 1093 -50 -50 4 383 28 733
2 2 900 -50 -50 4 666 30 485
2 2 1138 -50 -40 4 604 38 438
2 2 920 -50 -40 5 532 30 273
2 2 1257 -50 -40 259 560 13 436
2 2 670 -50 -40 3 315 18 94
2 2 990 -50 -40 3 325 25 654
2 2 1151 -50 -40 3 452 31 798
2 2 993 -50 -40 5 633 100 505
2 2 1000 -50 -50 6 680 16 261
2 2 975 -50 -50 2 498 22 277
2 2 1026 -50 -50 7 507 29 499
2 2 1009 -50 -50 5 421 40 468
2 2 961 -50 -50 2 420 35 498
2 2 1002 -50 -50 2 511 31 545
2 2 1066 -50 -50 5 697 39 519
2 2 948 -50 -50 5 338 31 207
2 2 990 -50 -50 2 769 42 619
2 2 1016 -51 -50 6 508 30 199
2 2 1017 -51 -50 7 298 29 472
2 2 960 -51 -50 2 396 25 631
2 2 1007 -51 -50 3 484 30 583
2 2 1019 -51 -50 5 874 58 500
2 2 1299 -52 -60 6 400 17 361
2 2 673 -52 -60 2 266 18 254
2 2 1016 -52 -60 5 315 30 727
2 2 596 -52 -60 5 452 34 246
2 2 15426 -53 -50 4 598 21 14936
2 2 1032 -53 -50 4 306 34 409
2 2 934 -53 -50 2 356 14 592
2 2 1017 -53 -50 2 439 24 645
2 2 998 -53 -50 4 840 13 531
2 2 986 -53 -50 3 754 48 130
2 2 1025 -53 -50 5 650 28 218
2 2 1633 -53 -50 2 307 16 953
2 2 453 -53 -50 3 282 18 127
2 2 894 -53 -50 3 541 40 591
2 2 1016 -53 -50 5 418 29 430
2 2 1004 -53 -50 5 342 88 552
2 2 1053 -53 -50 5 431 32 618
2 2 919 -53 -50 2 543 30 454
2 2 1046 -53 -50 5 589 28 468
2 2 1012 -53 -50 4 402 29 391
2 2 962 -53 -50 4 388 31 527
2 2 1148 -53 -50 2 470 18 727
2 2 843 -53 -50 3 269 25 352
2 2 997 -53 -50 3 299 29 700
2 2 1051 -54 -50 5 329 29 718
2 2 940 -54 -50 2 519 23 580
2 2 1059 -54 -50 4 747 31 513
2 2 992 -54 -50 4 311 34 210
2 2 1106 -54 -50 4 281 24 757
2 2 847 -54 -50 2 753 33 540
2 2 1032 -54 -50 5 505 15 241
2 2 968 -54 -50 2 508 20 446
2 2 1043 -54 -50 5 621 14 510
2 2 977 -54 -50 2 673 30 340
2 2 984 -54 -50 4 311 30 277
2 2 1083 -54 -50 4 372 29 738
2 2 913 -54 -50 2 533 28 510
2 2 1057 -54 -50 4 358 29 492
2 2 964 -54 -50 5 293 27 572
2 2 774 -54 -50 4 1077 58 450
2 2 15227 -53 -60 2 591 24 14090
2 2 1032 -51 -60 4 496 106 413
2 2 1029 -51 -60 2 763 22 425
2 2 1824 -51 -60 3 514 28 1036
2 2 1011 -51 -60 5 427 27 464
2 2 940 -51 -60 2 495 21 484
2 2 1029 -51 -60 4 546 27 509
2 2 1031 -51 -60 4 474 29 454
2 2 1009 -50 -60 4 829 16 502
2 2 939 -50 -60 3 673 28 91
2 2 1015 -50 -60 5 335 37 309
2 2 1057 -50 -60 5 837 13 680
2 2 951 -51 -50 3 608 37 98
2 2 1038 -51 -50 4 545 34 389
2 2 1032 -51 -50 2 282 13 451
2 2 908 -51 -50 2 428 14 611
2 2 1007 -51 -50 4 542 28 561
2 2 1044 -51 -50 5 723 31 469
2 2 976 -51 -50 4 362 32 218
2 2 965 -51 -50 3 286 20 568
2 2 1017 -51 -50 3 302 288 708
2 2 998 -52 -40 4 374 24 404
2 2 1030 -52 -40 5 290 30 627
2 2 966 -52 -40 2 492 16 644
2 2 1010 -52 -40 7 694 32 495
2 2 1001 -52 -40 6 305 32 269
2 2 1057 -52 -40 5 458 16 715
2 2 920 -52 -40 2 662 33 444
2 2 1021 -52 -40 5 294 29 321
2 2 1046 -52 -40 6 335 30 717
2 2 986 -52 -50 2 293 14 619
2 2 955 -52 -50 6 573 29 642
2 2 1150 -52 -50 5 560 12 543
2 2 848 -52 -50 2 329 18 274
2 2 1084 -52 -50 4 308 50 733
2 2 399 -52 -50 4 552 23 37
2 2 16549 -55 -50 2 596 21 15972
2 2 989 -55 -50 2 519 12 370
2 2 981 -55 -50 3 454 18 447
2 2 1369 -53 -50 3 587 14 894
2 2 721 -53 -50 3 628 58 117
2 2 932 -53 -50 5 338 30 241
2 2 991 -53 -50 2 311 17 621
2 2 1000 -53 -50 3 443 28 669
2 2 1015 -53 -50 4 476 34 540
2 2 996 -53 -50 4 615 38 482
4 0 1310 -56 -60 4 412 27 725
4 0 473 -56 -60 4 785 26 30
4 0 1056 -56 -60 5 305 35 240
4 0 837 -56 -60 4 298 25 493
4 0 958 -56 -60 5 393 25 630
4 0 1003 -56 -60 5 1003 35 580
4 3 1075 -56 -60 5 918 39 32
4 3 1161 -56 -60 5 524 41 199
4 4 866 -56 -60 6 284 17 295
4 4 918 -56 -60 3 297 26 614
4 4 1082 -56 -60 6 508 24 753
4 4 918 -56 -60 3 497 22 383
4 4 961 -56 -60 3 460 17 439
4 4 1007 -56 -60 4 488 46 526
4 4 1049 -56 -60 4 465 42 511
4 4 1002 -56 -60 5 916 36 490
4 4 1240 -56 -60 5 523 15 283
4 4 703 -56 -60 4 302 19 161
4 4 1022 -56 -60 6 469 33 695
4 4 1015 -56 -60 7 339 32 506
4 4 1202 -56 -60 229 300 14 602
4 4 761 -54 -60 3 436 20 444
4 4 1015 -54 -60 4 711 59 555
4 4 1020 -54 -60 5 474 43 245
4 4 1065 -54 -60 5 287 42 543
4 4 898 -54 -60 3 286 20 566
4 4 1002 -54 -60 3 302 30 693
4 4 1048 -54 -60 18 383 62 698
4 4 658 -54 -60 2 550 19 211
4 4 16537 -56 -50 3 618 19 15965
4 4 758 -56 -50 2 707 35 119
4 4 1008 -56 -50 4 288 30 262
4 4 1066 -56 -50 5 320 40 743
4 4 928 -56 -50 2 280 28 566
4 4 1081 -56 -50 4 558 15 769
4 4 921 -56 -50 2 288 16 346
4 4 1012 -56 -50 4 417 33 704
4 4 1000 -56 -50 5 585 36 545
4 4 1004 -56 -50 5 313 32 378
4 4 986 -56 -50 2 463 27 639
4 4 995 -56 -50 3 293 19 502
4 4 1011 -56 -50 4 338 33 695
4 4 1074 -56 -50 4 331 32 699
4 4 912 -56 -50 2 420 26 547
4 4 1001 -56 -50 3 446 58 552
4 4 1021 -56 -50 6 706 33 511
4 4 1000 -56 -50 6 323 32 255
4 4 1082 -56 -50 5 637 39 722
4 4 978 -56 -50 5 512 64 297
4 4 954 -56 -50 5 372 13 373
4 4 1008 -56 -50 3 292 26 620
4 4 1000 -56 -50 5 494 37 677
4 4 1003 -56 -50 6 623 34 466
4 4 973 -58 -50 5 293 32 311
4 4 992 -58 -50 2 409 16 665
4 4 1022 -58 -50 3 520 33 594
4 4 1001 -58 -50 4 288 32 444
4 4 1041 -58 -50 5 537 25 716
4 4 935 -58 -50 2 452 14 371
4 4 1003 -58 -50 4 564 38 533
4 4 1062 -59 -50 5 625 33 455
4 4 945 -59 -50 11 1257 18 276
4 4 1785 -59 -50 7 369 72 503
4 4 16196 -60 -60 2 851 34 15753
4 4 1116 -61 -50 5 438 291 226
4 4 1040 -61 -50 2 676 15 309
4 4 830 -61 -50 2 442 20 137
4 4 1016 -61 -50 4 580 31 550
4 4 1037 -61 -50 5 680 37 421
4 4 966 -61 -50 4 316 32 245
4 4 990 -61 -50 2 301 19 640
4 4 1028 -61 -50 5 655 36 703
4 4 1084 -61 -50 10 593 43 383
4 4 8180 -57 -50 6 452 13 7538
4 4 699 -57 -50 2 439 22 232
4 4 1014 -55 -60 4 288 33 549
4 4 995 -55 -60 2 372 62 672
4 4 1004 -55 -50 4 297 27 566
4 4 1003 -55 -50 2 556 37 677
4 4 1087 -55 -50 5 524 60 489
4 4 923 -55 -50 5 782 33 334
4 4 1080 -55 -50 5 497 13 260
4 4 1138 -55 -50 3 503 19 625
4 4 760 -55 -50 2 638 54 236
4 4 1026 -55 -50 6 422 48 328
4 4 998 -55 -50 8 364 126 520
4 4 972 -55 -50 2 471 15 480
4 4 1014 -55 -50 5 624 61 523
4 4 1013 -55 -50 4 768 34 324
4 4 1050 -55 -50 6 557 13 242
4 4 833 -55 -50 2 321 17 261
4 4 16132 -55 -50 2 1517 51 15792
4 4 1616 -55 -50 12 548 33 36
4 4 695 -55 -50 6 373 15 108
4 4 647 -55 -50 2 789 60 257
4 4 1128 -55 -50 10 540 56 269
4 4 952 -55 -50 5 383 39 351
4 4 947 -55 -50 6 395 41 519
4 4 978 -55 -50 2 360 29 540
4 4 1125 -55 -50 4 314 33 732
4 4 870 -55 -50 2 418 17 521
4 4 1038 -55 -50 4 918 63 599
4 4 1967 -55 -50 3 503 26 983
4 4 1072 -55 -50 6 419 34 537
4 4 1945 -55 -50 5 373 34 1487
4 4 1067 -58 -50 5 292 36 655
4 4 913 -58 -50 2 661 29 583
4 4 1037 -58 -50 4 627 36 343
4 4 981 -58 -50 5 468 72 313
4 4 1047 -58 -50 4 572 31 503
4 4 1004 -58 -50 4 651 24 397
4 4 929 -58 -50 3 439 13 251
4 4 1008 -58 -50 4 642 33 552
4 4 1111 -58 -50 4 468 31 432
4 4 963 -58 -50 5 491 18 459
4 4 920 -58 -50 2 662 32 409
4 4 1023 -58 -50 6 943 42 323
4 4 1202 -58 -50 5 708 33 212
4 4 964 -57 -50 4 356 23 219
4 4 808 -57 -50 2 416 32 427
4 4 1004 -55 -50 3 382 24 553
4 4 1032 -55 -50 5 810 62 621
4 4 1262 -55 -50 5 351 19 385
4 4 656 -55 -50 2 482 16 284
4 4 16051 -54 -50 3 631 41 15550
4 4 1168 -53 -50 5 769 42 491
4 4 1028 -53 -50 5 292 43 212
4 4 799 -53 -50 2 558 30 462
4 4 1063 -53 -50 6 581 33 469
4 4 954 -53 -50 4 757 33 336
4 4 9999 -53 -50 5 485 35 9204
4 4 989 -53 -50 3 701 37 466
4 4 1006 -54 -40 3 892 37 265
4 4 1226 -54 -40 5 439 14 292
4 4 788 -54 -50 2 1688 70 333
4 4 1797 -54 -50 5 820 14 34
4 4 889 -54 -50 3 331 25 52
4 4 417 -54 -50 3 740 24 58
8 0 1434 -64 -50 2 519 30 600
8 0 1127 -64 -50 2 842 17 576
8 0 874 -64 -50 2 712 14 13
8 0 791 -64 -50 2 488 13 63
8 0 766 -64 -50 3 450 20 262
8 0 1004 -64 -50 4 696 19 530
8 0 1007 -64 -50 4 413 21 288
8 0 996 -64 -50 4 532 21 558
8 6 1000 -64 -50 4 1291 39 443
8 7 1366 -64 -50 5 328 39 31
8 7 642 -64 -50 5 723 16 270
8 8 978 -64 -50 2 669 20 237
8 8 3926 -64 -50 5 400 56 3232
8 8 1003 -64 -50 7 493 40 540
8 8 1031 -64 -50 5 566 17 493
8 8 1000 -64 -50 28 626 41 389
8 8 971 -65 -50 7 359 48 297
8 8 998 -65 -50 5 491 43 586
8 8 1039 -65 -50 5 408 37 500
8 8 958 -65 -50 2 348 190 511
8 8 1005 -63 -50 3 464 33 464
8 8 1029 -63 -50 5 552 39 527
8 8 1044 -63 -50 2 867 41 451
8 8 1168 -63 -50 4 648 48 256
8 8 988 -64 -50 5 352 48 287
8 8 998 -64 -50 5 369 27 593
8 8 412 -64 -50 3 492 39 13
8 8 16222 -58 -50 2 1256 38 15689
8 8 1328 -58 -50 5 358 17 29
8 8 809 -58 -50 157 641 18 277
8 8 851 -58 -50 2 301 19 190
8 8 1000 -58 -50 2 364 28 678
8 8 1093 -58 -50 4 723 18 697
8 8 1202 -58 -50 3 335 23 458
8 8 723 -58 -50 4 550 35 361
8 8 1014 -58 -50 4 617 30 425
8 8 1010 -58 -50 4 801 31 359
8 8 1008 -58 -50 5 610 36 171
8 8 1026 -58 -50 5 891 299 375
8 8 1479 -58 -50 3 553 20 286
8 8 593 -58 -50 3 600 21 17
8 8 849 -58 -50 3 915 29 225
8 8 1156 -58 -50 4 384 40 208
8 8 892 -56 -50 2 488 20 466
8 8 955 -56 -50 2 853 20 445
8 8 1006 -56 -50 3 939 23 130
8 8 1089 -56 -50 3 1131 39 124
8 8 1218 -56 -50 4 939 40 44
8 8 1103 -56 -50 6 329 18 118
8 8 578 -56 -50 3 460 21 228
8 8 1009 -56 -50 3 564 30 525
8 8 1044 -56 -50 9 1025 38 441
8 8 1098 -56 -50 4 771 17 31
8 8 891 -56 -50 2 274 21 101
8 8 963 -56 -50 2 323 29 666
8 8 1043 -56 -50 4 572 66 687
8 8 1077 -56 -50 2 339 18 437
8 8 890 -56 -50 3 523 39 530
8 8 1057 -56 -50 5 660 17 490
8 8 937 -57 -50 2 772 44 258
8 8 1050 -57 -50 4 338 113 230
8 8 598 -57 -50 2 352 19 145
8 8 16395 -57 -50 2 1277 295 16022
8 8 1595 -57 -50 2 719 18 21
8 8 783 -57 -50 2 324 22 44
8 8 579 -57 -50 3 828 40 230
8 8 1090 -57 -50 5 611 19 217
8 8 907 -57 -50 2 323 18 275
8 8 1015 -57 -50 3 350 49 671
8 8 1009 -57 -50 5 327 37 605
8 8 1219 -57 -50 5 299 26 850
8 8 758 -57 -50 2 325 18 431
8 8 1028 -57 -50 4 462 29 681
8 8 982 -57 -50 4 840 21 487
8 8 989 -57 -50 3 944 38 125
8 8 1203 -56 -50 4 334 69 217
8 8 912 -56 -50 4 330 45 505
8 8 915 -56 -50 5 329 37 535
8 8 980 -56 -50 4 323 25 610
8 8 990 -56 -50 2 469 23 640
8 8 1009 -56 -50 4 613 38 513
8 8 1272 -56 -50 236 780 21 385
8 8 821 -56 -50 3 289 20 17
8 8 914 -56 -50 2 322 41 603
8 8 1000 -56 -50 5 343 40 632
8 8 11940 -56 -50 4 889 42 11553
8 8 16300 -55 -50 2 1269 49 15367
8 8 1352 -55 -50 4 609 38 30
8 8 869 -55 -50 4 324 44 218
8 8 781 -55 -50 2 418 16 411
8 8 1032 -55 -50 8 357 36 590
8 8 974 -55 -40 7 646 39 574
8 8 999 -55 -40 6 646 17 308
8 8 995 -55 -40 2 626 19 330
8 8 1029 -55 -50 5 409 40 379
8 8 977 -55 -50 6 334 78 522
8 8 1000 -55 -50 5 556 36 583
8 8 1004 -55 -50 4 625 16 408
8 8 995 -55 -50 3 764 39 351
8 8 1027 -55 -50 5 385 29 219
8 8 972 -53 -50 3 566 20 555
8 8 1193 -53 -50 194 688 37 413
8 8 1000 -53 -50 5 625 37 270
8 8 885 -53 -50 4 442 15 219
8 8 925 -53 -50 3 472 33 465
8 8 1003 -52 -60 3 582 42 495
8 8 1028 -52 -60 7 408 36 397
8 8 1782 -52 -60 5 985 90 1333
8 8 1109 -52 -60 4 356 36 30
8 8 828 -52 -60 5 562 22 431
8 8 975 -52 -60 2 462 26 389
8 8 1014 -52 -60 4 523 38 522
8 8 3005 -52 -60 5 355 39 2439
8 8 1201 -52 -60 7 339 42 800
8 8 826 -52 -60 4 454 42 441
8 8 999 -52 -60 5 422 36 498
8 8 991 -52 -60 3 486 271 530
8 8 1092 -52 -60 2 405 19 333
8 8 19258 -54 -50 7 735 39 18827
8 8 1004 -54 -50 5 338 17 225
16 0 1071 -58 -50 4 333 13 70
16 0 924 -58 -50 2 632 30 576
16 0 1294 -56 -50 5 279 12 627
16 0 709 -56 -50 3 380 24 415
16 0 1038 -56 -50 5 429 26 629
16 0 969 -56 -50 5 530 87 509
16 0 993 -54 -50 3 717 30 373
16 15 992 -54 -50 5 1089 50 240
16 16 1911 -54 -50 4 772 53 768
16 16 1111 -54 -50 4 536 49 282
16 16 837 -54 -50 220 723 26 32
16 16 826 -54 -50 4 647 26 73
16 16 749 -54 -50 3 581 37 73
16 16 725 -55 -50 4 831 39 103
16 16 977 -55 -50 4 697 45 103
16 16 1031 -55 -50 8 783 52 281
16 16 871 -55 -50 5 509 35 31
16 16 820 -57 -50 2 489 23 274
16 16 1000 -57 -50 3 607 44 485
16 16 1048 -57 -50 5 657 56 392
16 16 985 -57 -50 4 692 86 268
16 16 1042 -57 -50 6 387 22 258
16 16 1078 -59 -40 2 304 24 667
16 16 856 -59 -40 4 452 353 524
16 16 1108 -59 -50 7 499 21 296
16 16 905 -59 -50 3 712 38 382
16 16 1062 -59 -50 4 594 37 308
16 16 916 -59 -50 3 657 45 282
16 16 1097 -59 -50 4 815 54 391
16 16 903 -61 -50 5 460 28 29
16 16 16661 -62 -50 2 796 40 16171
16 16 863 -60 -50 4 396 41 23
16 16 700 -60 -50 4 514 22 259
16 16 783 -60 -50 2 658 41 245
16 16 1068 -60 -50 9 1120 43 360
16 16 1198 -60 -50 5 409 90 30
16 16 759 -57 -50 5 657 23 255
16 16 1021 -57 -50 2 493 36 339
16 16 993 -59 -50 3 635 45 461
16 16 982 -59 -50 6 1034 36 296
16 16 1096 -59 -50 3 1076 46 23
16 16 1243 -59 -50 5 655 46 116
16 16 982 -61 -50 5 626 21 276
16 16 829 -61 -50 4 369 50 178
16 16 908 -61 -50 4 512 23 485
16 16 917 -63 -50 2 717 92 380
16 16 1023 -63 -50 11 1364 102 203
16 16 1501 -63 -50 4 667 42 31
16 16 795 -63 -50 4 739 46 82
16 16 909 -63 -50 5 897 45 119
16 16 1057 -63 -50 4 513 19 111
16 16 716 -63 -50 2 637 54 182
16 16 1024 -65 -50 5 499 44 328
16 16 1049 -65 -50 4 902 88 502
16 16 1245 -62 -50 5 461 20 250
16 16 683 -62 -50 2 2166 46 200
16 16 2252 -60 -50 7 349 21 33
16 16 385 -60 -50 2 478 32 13
16 16 598 -58 -50 3 543 41 85
16 16 804 -58 -50 4 583 92 216
16 16 987 -58 -50 4 888 30 308
16 16 1039 -58 -50 2 925 23 119
16 16 1167 -58 -50 7 289 32 212
16 16 340 -57 -50 3 593 38 16
16 16 873 -57 -50 3 320 55 239
16 16 550 -57 -50 10 515 42 165
16 16 15493 -55 -50 2 709 62 14934
16 16 970 -54 -50 4 639 47 195
16 16 1258 -54 -50 263 408 43 309
16 16 750 -54 -50 2 329 19 297
16 16 981 -54 -50 3 406 26 630
16 16 997 -54 -60 4 342 53 561
16 16 1012 -54 -60 4 469 46 613
16 16 1133 -54 -60 3 420 27 615
16 16 854 -54 -60 2 693 43 405
16 16 1002 -54 -60 7 723 66 259
16 16 1051 -54 -60 14 761 22 248
16 16 930 -54 -60 2 397 20 145
16 16 1025 -54 -60 2 322 56 606
16 16 992 -54 -60 2 386 36 612
16 16 986 -54 -60 2 1134 42 562
16 16 1218 -54 -60 13 333 41 29
16 16 833 -54 -60 2 805 34 457
16 16 1052 -54 -60 5 832 26 208
16 16 974 -54 -60 3 414 24 113
16 16 930 -55 -60 2 458 41 490
16 16 1035 -55 -60 6 484 52 530
16 16 1021 -56 -50 5 454 31 480
16 16 941 -56 -50 2 453 27 454
16 16 1015 -56 -50 4 516 127 531
16 16 1023 -56 -50 2 875 84 378
16 16 1208 -56 -50 5 690 21 244
16 16 859 -56 -50 2 382 26 146
16 16 896 -56 -50 3 397 35 485
16 16 1366 -56 -50 2 328 17 932
16 16 630 -56 -50 2 763 42 283
16 16 1012 -56 -50 3 745 296 204
16 16 1339 -56 -50 5 690 31 293
16 16 740 -56 -50 3 889 42 16
16 16 1242 -56 -50 4 956 22 307
16 16 1002 -56 -50 3 768 41 21
16 16 931 -56 -50 4 336 42 118
16 16 14739 -55 -60 2 776 52 14359
16 16 1073 -55 -60 5 477 90 240
16 16 945 -54 -50 5 770 41 373
16 16 1066 -54 -50 6 330 326 249
16 16 1327 -54 -50 3 676 20 668
16 16 712 -54 -50 3 318 21 13
16 16 884 -54 -50 4 437 42 541
16 16 1279 -54 -50 9 378 35 791
16 16 708 -54 -50 2 632 24 293
16 16 1051 -52 -50 3 862 42 392
16 16 1141 -52 -50 5 514 92 232
16 16 872 -52 -50 4 544 40 262
16 16 952 -52 -50 2 542 22 366
16 16 988 -52 -50 3 339 26 421
16 16 1051 -52 -50 4 374 37 682
16 16 964 -52 -50 3 332 44 550
16 16 1056 -52 -50 5 593 30 675
16 16 947 -52 -50 4 582 21 320
16 16 987 -53 -60 3 808 54 381
16 16 1095 -53 -60 5 638 80 228
16 16 971 -53 -60 6 359 18 247
16 16 931 -53 -60 3 332 32 551
16 16 1080 -53 -60 4 427 41 712
16 16 983 -53 -60 5 459 46 510
16 16 948 -53 -60 2 538 22 441
16 16 995 -53 -60 4 1413 41 431
16 16 1900 -53 -60 4 760 42 442
16 16 1052 -53 -50 5 1048 23 245
16 16 1092 -53 -50 3 767 51 18
16 16 1074 -53 -50 5 351 44 251
16 16 727 -53 -50 4 462 18 328
16 16 979 -53 -50 2 451 36 497
16 16 1010 -53 -50 4 564 35 519
16 16 1056 -53 -50 4 678 44 453
16 16 762 -53 -50 6 316 51 34
16 16 16225 -51 -50 3 1196 43 15855
16 16 1281 -51 -50 5 313 40 37
16 16 700 -51 -50 7 319 41 340
16 16 974 -51 -50 2 550 39 612
16 16 1057 -51 -50 7 645 41 461
16 16 969 -51 -50 4 1009 99 279
32 0 1407 -56 -70 5 614 27 709
32 0 679 -56 -70 5 462 14 33
32 0 898 -56 -70 3 593 29 419
32 0 1051 -56 -70 4 634 37 425
32 0 960 -56 -70 4 365 29 285
32 0 982 -55 -60 2 291 26 586
32 32 1062 -55 -60 5 1713 61 740
32 32 1811 -55 -60 5 1092 74 32
32 32 1296 -55 -60 5 624 27 125
32 32 800 -56 -50 2 716 73 147
32 32 943 -56 -50 6 601 67 148
32 32 826 -56 -50 6 728 72 152
32 32 867 -56 -50 3 760 57 64
32 32 927 -56 -50 4 986 319 106
32 32 1451 -56 -50 5 642 35 141
32 32 762 -56 -50 3 858 57 82
32 32 1027 -56 -50 3 923 62 109
32 32 1170 -56 -50 6 1004 74 179
32 32 1224 -58 -50 7 959 62 139
32 32 1395 -58 -50 2 698 33 372
32 32 757 -59 -60 3 1101 64 23
32 32 1323 -59 -60 5 1008 62 153
32 32 1112 -59 -60 7 1067 26 35
32 32 1160 -59 -60 3 1027 63 64
32 32 1125 -59 -60 5 1008 82 30
32 32 1264 -59 -60 4 1012 34 170
32 32 1066 -59 -60 2 882 68 18
32 32 1107 -61 -50 5 874 69 152
32 32 978 -61 -50 5 999 67 30
32 32 13227 -64 -40 2 1435 65 12159
32 32 1540 -63 -50 3 1392 40 37
32 32 1578 -63 -50 4 864 73 142
32 32 975 -63 -50 6 1226 69 32
32 32 1430 -63 -50 5 848 104 130
32 32 967 -63 -50 3 494 50 12
32 32 659 -61 -50 4 681 57 111
32 32 766 -61 -50 4 925 328 24
32 32 1405 -61 -50 5 635 43 147
32 32 795 -61 -50 3 1340 64 114
32 32 1455 -61 -50 20 841 64 31
32 32 1051 -61 -50 4 757 59 142
32 32 848 -59 -50 3 818 66 29
32 32 1029 -59 -50 4 1004 150 141
32 32 1189 -59 -50 5 1131 32 30
32 32 1242 -59 -50 3 919 62 76
32 32 1020 -59 -50 4 582 78 35
32 32 794 -57 -50 7 852 60 127
32 32 950 -57 -50 5 786 356 33
32 32 1300 -57 -50 2 789 49 156
32 32 866 -57 -50 4 906 63 24
32 32 1111 -57 -50 5 988 63 137
32 32 1092 -57 -50 4 1014 47 37
32 32 1170 -55 -50 11 956 313 98
32 32 1285 -55 -50 3 907 68 13
32 32 1065 -55 -50 5 957 28 85
32 32 1047 -55 -50 2 769 39 60
32 32 826 -55 -50 2 1062 75 16
32 32 1174 -53 -50 5 1031 73 32
32 32 1235 -53 -50 4 1121 56 127
32 32 1205 -53 -50 3 941 79 25
32 32 1057 -53 -50 4 1077 59 33
32 32 1236 -53 -50 3 1267 68 97
32 32 1370 -53 -50 4 761 60 31
32 32 858 -53 -50 7 677 291 30
32 32 1011 -53 -50 4 1460 77 39
32 32 12334 -55 -50 2 1011 60 10795
32 32 1110 -55 -50 7 912 67 32
32 32 1125 -56 -40 4 982 62 142
32 32 1191 -56 -40 15 978 59 132
32 32 1131 -56 -40 3 776 50 91
32 32 990 -56 -40 4 788 60 160
32 32 993 -56 -40 5 910 25 140
32 32 1008 -56 -40 4 550 74 69
32 32 756 -56 -40 4 906 93 128
32 32 1168 -56 -40 3 851 74 166
32 32 1056 -56 -40 5 939 63 126
32 32 1062 -56 -40 3 646 264 57
32 32 1014 -56 -40 4 849 98 100
32 32 1176 -56 -40 4 1140 64 225
32 32 1347 -56 -40 4 663 26 139
32 32 752 -57 -40 3 969 93 60
32 32 1194 -57 -40 4 912 309 128
32 32 1370 -57 -40 4 1218 60 145
32 32 1382 -57 -40 4 4573 47 100
32 32 4652 -57 -40 4 2765 63 28
32 32 2963 -58 -50 4 2064 70 131
32 32 2170 -58 -50 5 447 63 31
32 32 549 -58 -50 8 1642 41 31
32 32 1703 -58 -50 3 1068 51 17
32 32 1149 -59 -50 4 1019 140 26
32 32 1449 -59 -50 14 977 33 276
32 32 1030 -59 -50 3 1086 50 17
32 32 1167 -59 -50 7 810 226 24
32 32 1145 -59 -50 3 917 106 106
32 32 1070 -59 -50 5 825 53 42
32 32 907 -59 -50 4 960 71 25
32 32 1067 -59 -50 4 529 70 32
32 32 635 -59 -50 4 816 64 32
32 32 1141 -58 -50 5 582 34 256
32 32 637 -58 -50 3 507 36 18
32 32 6337 -56 -50 2 799 35 5792
32 32 1002 -56 -50 3 613 64 165
32 32 1071 -56 -50 3 595 50 391
32 32 925 -58 -50 2 546 33 278
32 32 1009 -58 -50 2 814 33 428
32 32 1056 -58 -50 4 1298 35 205
32 32 1353 -58 -50 3 508 32 17
32 32 698 -58 -50 3 1824 53 155
32 32 1907 -58 -50 3 518 35 27
32 32 628 -58 -50 3 950 31 72
32 32 1061 -60 -50 3 708 48 77
32 32 873 -60 -50 3 759 62 114
32 32 963 -60 -50 5 900 310 137
32 32 1341 -60 -50 5 470 27 126
32 32 559 -62 -50 2 1242 67 60
32 32 1456 -62 -50 5 596 72 142
32 32 797 -62 -50 4 416 62 125
32 32 619 -62 -50 4 793 320 137
32 32 1234 -62 -50 3 733 37 118
32 32 846 -62 -50 3 519 36 73
32 32 778 -62 -50 4 1327 66 219
32 32 1429 -62 -50 5 1543 57 31
32 32 1701 -62 -50 4 1215 60 97
32 32 1312 -62 -50 6 928 73 31
32 32 1134 -62 -50 6 1136 76 127
32 32 1248 -62 -50 4 885 74 32
32 32 1093 -62 -50 7 969 75 127
32 32 1078 -62 -50 4 988 60 30
32 32 1191 -61 -40 4 817 295 139
32 32 1149 -61 -40 4 879 73 33
32 32 990 -61 -40 5 959 66 33
32 32 1096 -61 -40 2 717 55 69
32 32 798 -61 -40 3 753 67 23
32 32 856 -61 -40 4 828 322 32
32 32 1281 -61 -40 5 533 48 126
32 32 608 -61 -40 3 534 29 24
32 32 12856 -60 -50 2 1488 71 12291
32 32 1690 -60 -50 6 865 72 125
32 32 1066 -60 -50 5 1159 72 124
32 32 1363 -60 -50 5 637 88 127
32 32 862 -60 -50 4 794 62 133
32 32 1000 -60 -50 4 1155 27 140
32 32 1245 -60 -50 2 852 123 61
32 32 1045 -60 -50 7 528 66 63
32 32 739 -60 -50 4 583 68 141
32 32 861 -60 -40 6 446 62 204
32 32 638 -60 -40 4 1029 310 126
32 32 1483 -60 -50 5 815 54 139
32 32 982 -60 -50 4 880 29 109
32 32 969 -60 -50 3 659 40 57
32 32 768 -60 -50 3 571 56 66
32 32 743 -60 -50 9 910 151 107
32 32 1146 -60 -50 2 1033 92 83
32 32 1239 -60 -50 4 1009 57 110
32 32 1169 -58 -50 4 1329 61 99
32 32 1530 -58 -50 7 1106 51 133
64 0 745 -59 -50 4 444 35 289
64 0 997 -59 -50 2 413 18 516
64 0 980 -59 -50 5 595 29 544
64 52 1296 -59 -50 5 1333 101 667
64 63 1471 -59 -50 5 877 212 32
64 64 1220 -59 -50 5 1739 104 126
64 64 2086 -59 -50 4 1339 59 239
64 64 1419 -59 -50 3 1133 114 18
64 64 1421 -59 -50 4 1105 122 170
64 64 1261 -59 -50 4 1073 190 30
64 64 1284 -59 -50 3 893 116 18
64 64 1246 -58 -50 35 2503 118 202
64 64 2655 -58 -50 4 1088 104 30
64 64 1211 -58 -50 2 1782 123 17
64 64 1944 -58 -50 5 1123 121 34
64 64 1422 -60 -50 5 1822 114 173
64 64 1970 -60 -50 5 2654 347 29
64 64 3037 -60 -40 4 770 85 32
64 64 884 -60 -40 4 1095 121 25
64 64 1250 -60 -40 4 1313 113 30
64 64 1462 -60 -40 6 1445 115 30
64 64 1600 -60 -40 5 1279 120 35
64 64 4894 -57 -50 2 1039 408 3493
64 64 1513 -59 -50 5 1179 117 61
64 64 1481 -59 -50 6 824 114 179
64 64 1121 -59 -50 7 985 115 176
64 64 1243 -59 -50 4 1113 431 139
64 64 1590 -59 -50 14 1720 144 32
64 64 2099 -59 -50 4 971 113 231
64 64 1137 -60 -50 4 1045 311 49
64 64 1373 -60 -50 2 1134 121 15
64 64 1430 -60 -50 5 1171 112 170
64 64 1321 -60 -50 5 954 106 33
64 64 1094 -60 -50 5 1285 348 29
64 64 1672 -60 -50 5 1791 134 34
64 64 2145 -60 -50 6 1604 105 214
64 64 1755 -58 -60 5 1622 341 41
64 64 2001 -58 -60 6 976 59 32
64 64 1076 -58 -60 4 986 104 37
64 64 1125 -58 -60 4 800 116 31
64 64 954 -56 -60 5 1251 222 33
64 64 1549 -56 -60 2 2814 117 74
64 64 2965 -56 -60 4 7316 116 30
64 64 7590 -56 -60 5 1450 184 153
64 64 1887 -56 -60 221 728 113 32
64 64 882 -56 -60 4 946 48 37
64 64 1011 -56 -60 4 689 116 13
64 64 842 -56 -60 5 1512 399 32
64 64 1971 -56 -60 16 8527 105 44
64 64 8668 -58 -60 4 5458 157 32
64 64 5870 -58 -60 5 1219 270 250
64 64 1519 -58 -60 4 906 121 26
64 64 1064 -58 -60 5 970 113 32
64 64 1121 -58 -60 4 932 102 34
64 64 1074 -60 -60 4 959 265 36
64 64 1254 -60 -60 5 1264 118 25
64 64 1418 -60 -60 5 1067 113 31
64 64 1256 -56 -50 5 1320 347 71
64 64 1702 -56 -50 4 1773 204 31
64 64 2080 -56 -50 4 869 46 99
64 64 933 -56 -50 2 843 139 16
64 64 1056 -57 -50 4 714 109 70
64 64 858 -57 -50 4 1294 106 31
64 64 1439 -57 -50 4 903 200 35
64 64 1137 -57 -50 5 1649 345 29
64 64 2030 -57 -50 5 1172 107 31
64 64 1466 -57 -50 5 981 117 182
64 64 1135 -57 -50 5 844 179 32
64 64 1059 -57 -50 5 1030 358 31
64 64 1423 -57 -50 4 1135 88 31
64 64 1251 -59 -50 3 1134 115 25
64 64 1284 -59 -50 5 1414 433 30
64 64 1878 -59 -50 4 2225 114 27
64 64 2387 -59 -50 4 1620 107 44
64 64 1772 -59 -50 4 1444 102 41
64 64 1589 -59 -50 4 1113 340 39
64 64 1490 -59 -50 5 1421 105 32
64 64 1564 -57 -50 5 766 60 33
64 64 845 -57 -50 2 888 90 17
64 64 1006 -57 -50 4 1725 107 24
64 64 1868 -57 -50 5 946 111 31
64 64 1093 -57 -50 5 763 176 31
64 64 976 -57 -50 5 875 358 32
64 64 1270 -57 -50 4 1319 107 33
64 64 1468 -57 -50 5 1131 91 37
64 64 1249 -57 -50 4 770 210 23
64 64 1019 -57 -50 4 1004 110 35
64 64 1149 -57 -50 5 836 112 30
64 64 986 -60 -50 5 1295 120 33
64 64 1592 -60 -50 5 1075 322 172
64 64 1415 -61 -50 2 1023 120 16
64 64 1182 -61 -50 5 1789 124 34
64 64 1949 -61 -50 5 1062 114 31
64 64 1336 -61 -50 15 1202 111 145
64 64 1349 -61 -50 5 866 95 31
64 64 988 -61 -50 3 1225 115 24
64 64 1376 -61 -50 6 1252 341 30
64 64 1631 -63 -50 7 1352 192 31
64 64 1581 -63 -50 5 1527 115 32
64 64 1670 -63 -50 2 824 113 26
64 64 971 -63 -50 4 1337 390 30
64 64 1768 -63 -50 5 1266 116 36
64 64 1453 -63 -50 10 1289 117 61
64 64 1443 -63 -50 5 974 422 32
64 64 1431 -63 -50 2 1380 123 33
64 64 1539 -63 -50 5 776 116 31
64 64 1077 -63 -50 6 1252 106 179
64 64 1373 -63 -50 2 1086 356 13
64 64 1481 -63 -50 5 1335 122 34
64 64 1492 -63 -50 5 1238 108 30
64 64 1396 -61 -50 15 1077 346 35
64 64 1459 -61 -50 5 1077 97 31
64 64 1210 -59 -50 4 1093 119 32
64 64 1246 -59 -50 4 1575 114 30
64 64 1724 -59 -50 5 965 410 30
64 64 1412 -59 -50 6 1430 115 31
128 0 1569 -60 -50 6 312 22 712
128 0 857 -60 -50 10 696 20 513
128 0 758 -60 -50 4 812 23 38
128 0 1062 -60 -50 5 431 24 222
128 0 755 -60 -50 2 576 33 298
128 0 1011 -60 -50 7 353 31 395
128 0 993 -60 -50 2 459 18 607
128 0 1000 -60 -50 3 299 25 520
128 0 1035 -60 -50 7 390 32 704
128 68 965 -60 -50 2 2453 150 541
128 128 2620 -60 -50 2 1718 396 15
128 128 2154 -58 -50 5 2153 359 35
128 128 2839 -58 -50 4 2690 313 323
128 128 3042 -58 -50 5 1441 188 34
128 128 1666 -58 -50 4 2888 288 33
128 128 3215 -58 -50 5 1846 330 34
128 128 2454 -58 -50 4 2390 136 274
128 128 2545 -60 -50 2 1522 253 17
128 128 1813 -60 -50 5 2835 269 33
128 128 3146 -60 -50 8 1315 246 34
128 128 1598 -60 -50 4 8788 242 33
128 128 9074 -62 -50 6 1977 391 38
128 128 2385 -62 -50 3 1868 376 14
128 128 2283 -63 -60 4 1340 231 35
128 128 1617 -63 -60 12 2655 391 34
128 128 3066 -63 -60 2 1345 212 18
128 128 2220 -63 -60 6 1785 227 657
128 128 2054 -63 -60 10 1283 415 32
128 128 1715 -65 -60 3 11383 610 14
128 128 12050 -61 -40 2 2696 138 55
128 128 2854 -61 -40 3 3102 471 17
128 128 3614 -61 -40 4 1264 235 37
128 128 1550 -61 -40 12 1639 235 39
128 128 1911 -61 -40 5 1387 494 32
128 128 1970 -61 -40 7 1354 273 82
128 128 1674 -61 -40 5 2302 241 42
128 128 2582 -61 -40 5 6232 414 34
128 128 6668 -60 -50 2 1570 170 20
128 128 1771 -60 -50 5 6574 444 26
128 128 7056 -60 -50 5 5947 354 33
128 128 6347 -60 -50 4 2079 102 42
128 128 2302 -60 -50 2 2102 446 119
128 128 2590 -59 -50 6 1707 426 36
128 128 2185 -59 -50 16 2326 238 36
128 128 2604 -59 -50 6 2455 411 34
128 128 2884 -56 -50 3 4599 290 15
128 128 4958 -56 -50 4 15875 140 65
128 128 16032 -56 -50 2 1229 386 15
128 128 1658 -56 -50 8 1955 224 35
128 128 2219 -56 -50 5 10715 467 35
128 128 11245 -56 -50 5 1469 478 58
128 128 1984 -56 -50 7 2245 260 30
128 128 2543 -56 -50 4 2081 525 34
128 128 2621 -56 -50 2 1715 238 13
128 128 1996 -56 -50 7 1436 226 36
128 128 1729 -56 -50 5 1455 448 62
128 128 1941 -56 -50 6 1622 227 32
128 128 1898 -56 -50 5 1661 409 44
128 128 2086 -56 -50 2 1710 219 14
128 128 1947 -58 -50 2 1339 229 16
128 128 1608 -58 -50 5 1907 462 35
128 128 2404 -58 -50 4 3347 220 31
128 128 3613 -58 -50 7 2399 234 39
128 128 2774 -60 -50 7 1793 416 134
128 128 2225 -60 -50 3 4805 191 13
128 128 5013 -60 -50 2 1884 174 15
128 128 2089 -60 -50 3 2673 451 28
128 128 3164 -60 -50 6 1153 240 34
256 0 2489 -58 -50 7 535 33 100
256 0 619 -57 -50 7 1406 34 44
256 0 1552 -57 -50 6 504 14 106
256 0 539 -57 -50 3 484 31 18
256 0 603 -57 -50 4 1004 31 84
256 0 1079 -57 -50 9 906 34 35
256 0 1042 -57 -50 6 592 16 96
256 0 625 -57 -50 2 578 28 15
256 0 709 -57 -40 9 493 38 94
256 0 724 -57 -40 5 567 14 188
256 0 704 -57 -40 5 933 28 118
256 0 1175 -57 -40 5 837 13 209
256 0 866 -57 -40 4 820 27 12
256 0 1070 -57 -40 6 758 27 217
256 0 1011 -57 -40 6 385 11 220
256 0 775 -58 -40 3 984 24 376
256 0 1211 -58 -40 4 630 12 199
256 0 794 -58 -40 2 476 16 150
256 0 996 -58 -40 4 386 19 500
256 0 1295 -58 -40 5 1530 28 885
256 0 1596 -58 -40 5 738 25 33
256 0 859 -58 -40 5 693 26 91
256 0 816 -58 -40 4 399 11 93
256 0 534 -58 -40 5 548 41 119
256 0 906 -58 -40 5 634 39 312
256 0 1326 -58 -40 6 691 21 647
256 0 1205 -59 -50 5 630 25 488
256 0 685 -59 -50 5 484 29 25
256 0 932 -59 -50 5 810 20 414
256 0 1029 -59 -50 8 419 46 191
256 69 841 -59 -50 9 898 281 367
256 231 1221 -59 -50 9 7630 489 33
256 241 15783 -59 -60 2 3760 483 7662
256 241 4261 -59 -60 3 4509 777 15
256 0 996 -56 -50 11 396 12 552
256 0 979 -56 -50 2 537 28 569
256 0 1043 -56 -50 6 540 36 472
256 0 1059 -56 -50 6 379 31 477
256 0 846 -56 -50 3 304 14 433
256 164 15926 -61 -40 2 10145 569 15606
256 212 10750 -61 -40 9 23561 289 27
256 250 23866 -63 -40 3 15404 479 13
256 253 16011 -63 -40 110 14880 549 18
256 254 15446 -63 -40 2 14286 570 15
256 255 14873 -63 -40 2 15327 635 15
256 255 15978 -63 -40 2 14829 389 14
256 255 15235 -63 -40 4 14074 595 13
256 255 14687 -63 -40 2 14345 365 16
256 255 14727 -63 -40 3 14973 709 14
256 255 15700 -63 -40 3 15066 522 15
256 255 15788 -63 -40 3 9212 565 197
256 255 9797 -63 -40 2 4940 506 18
256 255 5463 -62 -50 2 15462 328 15
256 255 15820 -62 -50 2 14607 808 28
