0 -78 -60 8 512 30 415 965
0 -78 -60 5 616 25 423 1069
0 -78 -60 5 301 27 315 648
0 -78 -60 4 275 29 701 1009
0 -76 -60 4 312 49 662 1027
0 -76 -60 7 268 25 691 991
0 -76 -60 5 283 25 701 1014
0 -76 -60 7 703 27 682 1419
0 -76 -60 7 387 25 211 630
0 -76 -60 2 309 15 583 909
0 -76 -60 5 305 55 669 1034
0 -76 -50 4 488 29 667 1188
0 -76 -50 7 581 28 446 1062
0 -76 -50 8 424 71 419 922
0 -76 -50 3 520 19 449 991
0 -76 -50 5 709 24 476 1214
0 -76 -50 4 368 27 300 699
0 -76 -50 5 337 28 559 929
0 -76 -50 4 378 61 692 1135
0 -76 -50 5 472 28 497 1002
0 -78 -50 5 662 28 494 1189
0 -78 -50 4 795 32 357 1188
0 -78 -50 12 501 38 164 715
0 -78 -50 2 305 10 287 604
0 -78 -50 4 323 26 651 1004
0 -78 -50 5 510 26 690 1231
0 -78 -50 5 659 28 481 1173
0 -78 -50 5 445 25 250 725
0 -78 -50 38 309 61 529 937
0 -78 -50 8 660 25 32 725
0 -73 -50 2 1005 26 14846 15879
0 -73 -50 4 274 29 166 473
0 -73 -50 4 486 26 509 1025
0 -73 -60 6 483 26 487 1002
0 -73 -60 5 743 25 483 1256
0 -73 -60 5 269 28 228 530
0 -73 -60 5 299 24 715 1043
0 -73 -60 3 272 12 643 930
0 -73 -60 5 345 31 724 1105
0 -73 -60 5 509 27 695 1236
0 -73 -60 5 251 268 421 945
0 -73 -60 3 291 11 579 884
0 -73 -60 2 489 27 545 1063
0 -73 -60 4 449 40 505 998
0 -73 -60 7 470 27 496 1000
0 -73 -60 4 1063 24 493 1584
0 -73 -60 4 665 41 29 739
0 -73 -60 5 325 10 182 522
0 -73 -60 4 617 24 685 1330
0 -73 -60 9 373 26 316 724
0 -73 -60 4 392 25 593 1014
0 -74 -70 5 562 24 578 1169
0 -75 -70 3 389 17 935 1344
0 -75 -70 4 1114 46 139 1303
0 -75 -70 5 786 20 201 1012
0 -75 -70 3 804 25 23 855
0 -75 -70 4 434 30 87 555
0 -75 -70 5 605 25 341 976
0 -75 -70 6 607 25 419 1057
0 -75 -70 5 298 28 311 642
0 -77 -60 4 344 27 698 1073
0 -77 -60 5 313 25 594 937
0 -77 -60 5 351 39 658 1053
0 -77 -60 5 504 24 648 1181
0 -79 -60 6 664 26 457 1153
0 -79 -60 5 325 25 33 388
0 -78 -50 3 508 19 15866 16396
0 -76 -50 5 437 34 506 982
0 -76 -50 5 639 24 504 1172
0 -76 -50 6 638 24 402 1070
0 -76 -50 6 578 55 259 898
0 -76 -50 2 262 21 714 999
0 -76 -50 2 304 27 348 681
0 -76 -50 5 403 25 706 1139
0 -76 -50 5 513 27 545 1090
0 -76 -50 7 634 12 457 1110
0 -76 -50 2 266 11 341 620
0 -76 -50 5 313 49 724 1091
0 -76 -50 5 304 27 688 1024
0 -76 -50 3 265 26 608 902
0 -76 -50 5 528 23 710 1266
0 -76 -50 7 575 24 442 1048
0 -76 -50 2 281 30 378 691
0 -77 -50 5 264 48 704 1021
0 -77 -50 4 375 24 721 1124
0 -77 -50 260 304 28 560 1152
0 -77 -50 2 683 66 400 1151
0 -77 -50 4 284 24 256 568
0 -77 -50 7 279 25 708 1019
0 -77 -50 5 455 11 712 1183
0 -77 -50 6 302 25 482 815
0 -77 -50 5 606 26 706 1343
0 -77 -50 5 540 24 364 933
0 -77 -50 5 578 12 555 1150
0 -77 -50 5 291 23 233 552
0 -77 -50 5 398 24 708 1135
0 -77 -50 6 461 32 562 1061
0 -77 -50 6 737 45 502 1290
0 -77 -50 6 562 11 312 891
0 -77 -50 6 436 24 380 846
0 -77 -50 4 456 35 29 524
0 -76 -50 2 2156 80 15467 17705
0 -76 -50 17 259 20 84 380
0 -76 -50 3 376 11 88 478
0 -76 -50 3 356 10 43 412
0 -76 -50 4 507 26 506 1043
0 -76 -50 4 415 24 464 907
0 -76 -50 4 512 31 557 1104
0 -76 -50 6 564 24 450 1044
0 -76 -50 4 968 28 438 1438
0 -77 -40 4 779 24 95 902
0 -77 -40 6 269 24 176 475
0 -77 -40 7 287 24 624 942
0 -77 -40 6 519 24 688 1237
0 -77 -40 7 553 24 434 1018
0 -77 -40 5 866 51 427 1349
0 -77 -40 2 604 18 228 852
0 -77 -40 4 289 29 190 512
0 -77 -40 4 284 28 713 1029
0 -77 -40 5 317 24 685 1031
0 -77 -40 4 514 24 685 1227
0 -77 -50 5 507 25 458 995
0 -77 -50 3 259 17 390 669
0 -77 -50 5 482 29 735 1251
0 -77 -50 5 319 33 481 838
0 -77 -50 5 828 23 685 1541
0 -77 -50 5 325 24 181 535
0 -77 -50 5 888 52 566 1511
0 -77 -50 6 577 25 304 912
0 -77 -50 5 318 24 184 531
0 -77 -50 4 319 27 724 1074
0 -77 -50 5 330 35 541 911
0 -77 -50 4 360 27 750 1141
0 -77 -50 5 711 24 490 1230
0 -77 -50 5 345 35 256 641
0 -77 -50 9 386 26 517 938
0 -76 -50 4 985 34 15672 16695
0 -76 -50 4 289 29 318 640
0 -76 -50 5 290 24 378 697
0 -76 -50 5 277 28 685 995
0 -76 -50 6 663 27 680 1376
0 -76 -50 4 680 37 277 998
0 -76 -50 5 275 26 278 584
0 -76 -50 7 336 30 703 1076
0 -76 -50 6 277 24 679 986
0 -76 -50 3 810 49 617 1479
0 -76 -50 2 360 13 364 739
0 -76 -50 2 630 25 405 1062
0 -76 -50 6 772 27 416 1221
0 -76 -50 5 276 48 178 507
0 -76 -50 5 311 24 689 1029
0 -76 -50 4 352 24 624 1004
0 -76 -50 5 446 24 591 1066
0 -76 -50 5 700 30 525 1260
0 -76 -50 5 278 24 264 571
0 -76 -50 5 285 98 702 1090
0 -76 -50 2 298 24 591 915
0 -76 -50 5 282 25 745 1057
0 -76 -50 6 987 59 684 1736
0 -76 -50 3 387 11 234 635
0 -76 -50 3 302 26 254 585
0 -76 -50 5 320 35 703 1063
0 -76 -50 5 301 26 730 1062
0 -76 -50 6 406 25 559 996
0 -78 -50 2 355 11 1087 1455
0 -78 -50 4 324 21 95 444
0 -78 -50 5 319 21 787 1132
0 -78 -60 4 416 19 523 962
0 -78 -60 5 455 24 564 1048
0 -78 -60 5 630 24 514 1173
0 -78 -60 7 579 19 301 906
0 -78 -60 2 317 10 15784 16113
0 -78 -60 5 690 20 685 1400
0 -78 -60 2 857 19 426 1304
0 -78 -60 9 302 25 73 409
0 -78 -60 5 287 28 575 895
0 -78 -60 5 331 24 708 1068
0 -78 -60 7 342 34 634 1017
0 -78 -60 2 739 27 574 1342
0 -78 -60 5 273 24 250 552
0 -78 -60 5 389 23 705 1122
0 -75 -60 5 358 24 572 959
0 -75 -60 8 314 25 669 1016
0 -74 -70 5 596 24 626 1251
0 -74 -70 5 784 23 409 1221
0 -74 -70 4 300 23 176 503
0 -74 -70 4 336 24 614 978
0 -74 -70 387 289 11 679 1366
0 -72 -70 5 384 21 268 678
0 -72 -70 5 445 25 662 1137
0 -72 -70 4 626 28 465 1123
0 -72 -70 5 347 27 407 786
0 -70 -70 5 339 26 554 924
0 -70 -70 6 295 28 667 996
0 -70 -70 2 371 14 630 1017
0 -71 -60 5 541 11 625 1182
0 -71 -60 2 734 23 441 1200
0 -71 -60 5 1163 28 404 1600
0 -71 -60 5 1698 25 32 1760
0 -74 -60 3 330 11 518 862
0 -74 -60 2 404 14 18 438
0 -76 -60 3 622 28 47 700
0 -76 -60 4 530 26 26 586
0 -76 -60 5 880 24 295 1204
0 -78 -60 5 360 27 111 503
0 -78 -60 7 341 28 252 628
0 -83 -70 5 481 26 15968 16480
0 -83 -70 4 388 25 645 1062
0 -83 -70 2 351 10 408 771
0 -84 -70 5 378 26 641 1050
0 -84 -70 4 551 28 596 1179
0 -83 -70 11 646 28 456 1141
0 -83 -70 4 382 25 273 684
0 -83 -70 5 333 27 592 957
0 -83 -70 8 989 29 637 1663
0 -83 -70 5 278 20 104 407
0 -83 -70 5 410 26 567 1008
0 -83 -70 6 610 10 563 1189
0 -83 -70 4 1408 24 532 1968
0 -83 -70 5 574 25 32 636
0 -82 -60 5 661 24 195 885
0 -82 -60 5 290 75 77 447
0 -82 -60 5 462 29 428 924
0 -82 -60 5 632 27 502 1166
0 -82 -60 13 671 25 426 1135
0 -82 -60 5 414 25 326 770
0 -82 -60 6 356 24 433 819
0 -82 -60 9 304 45 648 1006
0 -82 -60 4 318 14 674 1010
0 -82 -60 5 591 25 596 1217
0 -82 -60 6 428 24 381 839
0 -82 -60 13 391 19 554 977
0 -82 -60 6 371 24 564 965
0 -84 -60 5 266 43 599 913
0 -84 -60 5 338 27 687 1057
0 -84 -60 6 510 23 636 1175
0 -84 -60 7 681 29 459 1176
0 -84 -60 6 407 28 283 724
0 -84 -60 5 288 24 559 876
0 -84 -60 5 871 34 681 1591
0 -84 -60 4 701 24 122 851
0 -81 -60 2 530 13 14885 15430
0 -81 -60 5 707 23 473 1208
0 -81 -60 2 562 13 259 836
0 -81 -60 5 460 27 450 942
0 -81 -60 9 823 27 534 1393
0 -81 -60 5 785 46 142 978
0 -82 -70 5 405 10 210 630
0 -82 -70 4 330 44 484 862
0 -82 -70 6 280 24 620 930
0 -82 -70 8 390 25 690 1113
0 -82 -70 5 719 25 578 1327
0 -84 -70 5 352 29 249 635
0 -84 -70 6 369 11 699 1085
1 -87 -50 3 1060 29 76415 77507
1 -87 -50 5 282 31 40 358
1 -87 -50 6 322 12 101 441
1 -87 -50 8 463 27 222 720
1 -89 -50 5 776 31 818 1630
1 -89 -50 5 335 29 35 404
1 -89 -50 7 376 29 479 891
1 -89 -50 2 650 46 563 1261
1 -89 -50 3 579 17 342 941
1 -89 -50 2 368 20 393 783
1 -88 -60 4 272 14 607 897
1 -88 -60 5 329 29 689 1052
1 -88 -60 5 540 27 709 1281
1 -88 -60 6 323 29 991 1349
1 -88 -60 5 470 29 517 1021
1 -88 -60 5 603 27 499 1134
1 -88 -60 6 676 31 434 1147
1 -88 -60 5 300 26 219 550
1 -88 -60 5 304 36 702 1047
1 -88 -50 3 373 26 616 1018
1 -88 -50 5 637 27 608 1277
1 -88 -50 7 663 35 375 1080
1 -88 -50 5 385 28 247 665
1 -88 -50 3 281 53 566 903
1 -88 -50 6 363 28 710 1107
1 -88 -50 4 449 45 567 1065
1 -88 -50 4 356 31 502 893
1 -88 -50 5 422 43 642 1112
1 -88 -50 5 629 26 503 1163
1 -88 -50 7 319 37 441 804
1 -77 -50 3 1470 28 15536 17037
1 -77 -50 4 979 26 31 1040
1 -77 -50 5 298 48 92 443
1 -77 -50 7 626 30 195 858
1 -77 -50 5 320 29 198 552
1 -77 -50 3 553 18 1020 1594
1 -77 -50 3 612 28 103 746
1 -77 -50 4 280 30 259 573
1 -77 -50 4 397 32 705 1138
1 -77 -50 7 617 115 554 1293
1 -77 -50 2 271 14 241 528
1 -77 -50 5 248 31 726 1010
1 -77 -50 5 551 31 719 1306
1 -77 -50 5 273 28 442 748
1 -77 -50 5 498 29 695 1227
1 -77 -50 5 613 30 462 1110
1 -77 -50 4 518 30 361 913
1 -77 -50 6 268 339 443 1056
1 -77 -50 7 389 13 356 765
1 -77 -50 4 469 32 600 1105
1 -77 -50 5 323 30 487 845
1 -79 -50 5 294 30 688 1017
1 -79 -50 5 383 27 687 1102
1 -79 -50 5 684 58 1104 1851
1 -79 -50 5 569 30 57 661
1 -79 -50 5 1119 29 181 1334
1 -80 -60 4 421 28 30 483
1 -80 -60 4 336 30 195 565
1 -80 -60 6 500 27 696 1229
1 -80 -60 5 565 11 431 1012
1 -79 -60 3 271 31 379 684
1 -79 -60 6 270 28 702 1006
1 -79 -70 4 317 28 744 1093
1 -79 -70 9 275 29 728 1041
1 -79 -70 5 358 58 554 975
1 -79 -70 3 409 30 155 597
1 -78 -70 4 1678 11 16014 17707
1 -78 -70 2 297 15 13 327
1 -78 -70 8 261 26 52 347
1 -78 -70 4 288 46 643 981
1 -79 -70 4 461 29 631 1125
1 -79 -70 4 393 27 510 934
1 -79 -70 6 1173 29 572 1780
1 -79 -70 5 483 27 35 550
1 -79 -70 5 518 30 241 794
1 -79 -70 5 1726 72 670 2473
1 -79 -70 18 433 31 70 552
1 -79 -70 3 274 13 43 333
1 -79 -70 2 608 28 87 725
1 -79 -70 5 657 33 430 1125
1 -79 -70 5 477 28 237 747
1 -79 -70 5 332 47 492 876
1 -79 -70 5 265 26 704 1000
1 -79 -70 5 287 29 647 968
1 -79 -70 5 539 29 686 1259
1 -79 -70 7 655 28 424 1114
1 -79 -70 6 299 28 275 608
1 -79 -70 6 626 65 698 1395
1 -78 -60 7 328 11 287 633
1 -78 -60 9 478 27 653 1167
1 -76 -60 2 400 27 458 887
1 -76 -60 5 523 29 104 661
1 -76 -60 4 724 28 455 1211
1 -76 -60 5 373 32 255 665
1 -76 -60 2 557 29 553 1141
1 -76 -60 6 313 29 442 790
1 -76 -60 7 370 27 686 1090
1 -76 -60 4 670 33 547 1254
1 -76 -60 6 722 30 293 1051
1 -75 -60 4 1235 30 524 1793
1 -75 -60 5 406 32 32 475
1 -75 -60 5 434 27 37 503
1 -76 -60 6 1182 53 14594 15835
1 -76 -60 5 487 34 40 566
1 -76 -60 5 433 31 188 657
1 -79 -60 5 573 31 415 1024
1 -79 -60 5 400 27 421 853
1 -81 -70 2 256 26 523 807
1 -81 -70 6 276 27 726 1035
1 -81 -70 5 295 28 778 1106
1 -81 -70 5 415 30 588 1038
1 -81 -70 5 660 34 559 1258
1 -81 -70 4 738 28 290 1060
1 -81 -70 5 293 26 229 553
1 -81 -70 5 526 16 779 1326
1 -81 -70 3 317 23 350 693
1 -79 -60 5 531 30 686 1252
1 -79 -60 5 353 30 437 825
1 -79 -60 5 1143 53 580 1781
1 -79 -60 9 467 29 74 579
1 -79 -60 5 356 80 224 665
1 -79 -60 3 428 30 543 1004
1 -79 -60 5 486 28 553 1072
1 -79 -60 5 708 28 479 1220
1 -79 -60 5 667 36 260 968
1 -79 -60 5 396 27 295 723
1 -79 -60 6 887 31 571 1495
1 -77 -50 6 294 30 251 581
1 -77 -50 4 636 34 495 1169
1 -77 -50 5 498 27 324 854
1 -77 -50 4 760 29 473 1266
1 -77 -50 7 1071 27 204 1309
1 -77 -50 5 400 30 33 468
1 -77 -50 5 391 27 442 865
1 -77 -50 7 392 26 565 990
1 -77 -50 4 683 31 575 1293
1 -77 -50 4 285 30 279 598
1 -77 -50 5 676 53 173 907
1 -79 -60 2 524 15 14771 15312
1 -79 -60 5 591 26 462 1084
1 -81 -60 4 526 26 454 1010
1 -81 -60 7 704 59 420 1190
1 -81 -60 3 281 12 431 727
1 -81 -60 2 333 36 437 808
1 -81 -60 4 443 72 684 1203
1 -83 -60 6 293 39 470 808
1 -83 -60 2 625 28 619 1274
1 -83 -60 5 737 28 394 1164
1 -83 -60 5 313 26 195 539
1 -83 -60 4 573 28 738 1343
1 -83 -60 4 452 29 258 743
1 -83 -60 5 1012 29 450 1496
1 -83 -60 7 505 26 35 573
1 -83 -60 6 546 28 420 1000
1 -83 -60 5 571 52 424 1052
1 -83 -60 4 317 18 334 673
1 -83 -60 4 299 29 651 983
1 -83 -60 5 355 30 776 1166
1 -83 -60 5 308 35 515 863
1 -83 -60 6 516 71 705 1298
1 -83 -60 6 449 36 523 1014
1 -83 -60 6 272 12 460 750
1 -83 -60 4 360 67 618 1049
1 -83 -60 5 288 29 536 858
1 -83 -60 5 460 28 707 1200
1 -83 -60 5 778 63 484 1330
1 -83 -60 5 414 13 303 735
1 -83 -60 3 604 28 406 1041
1 -83 -60 5 277 26 423 731
1 -83 -60 6 393 27 689 1115
1 -81 -60 6 584 27 521 1138
1 -81 -60 5 447 28 425 905
1 -81 -50 6 555 29 487 1077
1 -81 -50 15 383 12 234 644
2 -80 -50 2 703 22 514 1241
2 -80 -50 3 1904 16 252 2175
2 -78 -50 2 343 17 13 375
2 -78 -50 5 286 35 451 777
2 -78 -50 5 316 14 1031 1366
2 -78 -50 5 718 53 367 1143
2 -79 -60 5 931 43 220 1199
2 -79 -60 5 445 13 239 702
0 -79 -60 4 348 22 254 628
0 -79 -60 5 521 27 669 1222
0 -79 -60 5 674 24 444 1147
0 -80 -60 5 509 10 700 1224
0 -80 -60 4 373 16 149 542
0 -80 -60 4 837 28 492 1361
0 -80 -60 4 1022 16 184 1226
0 -80 -60 2 329 14 30 375
0 -80 -60 2 409 15 622 1048
0 -82 -60 2 340 13 636 991
0 -82 -60 2 307 12 704 1025
0 -82 -60 5 775 25 474 1279
0 -82 -60 9 742 14 635 1400
0 -82 -60 3 407 29 16 455
0 -82 -60 2 321 17 538 878
0 -64 -40 3 582 146 13095 13826
0 -64 -40 5 1355 115 1386 2861
0 -64 -40 3 403 59 301 766
0 -64 -40 2 445 219 63 729
0 -62 -40 3 257 67 567 894
0 -62 -40 3 500 58 159 720
0 -62 -40 2 339 75 70 486
0 -62 -40 2 395 71 149 617
0 -59 -50 3 489 117 177 786
0 -59 -50 3 408 63 273 747
0 -59 -50 3 526 146 508 1183
0 -59 -50 5 453 73 420 951
0 -60 -50 3 492 165 779 1439
0 -60 -50 5 651 158 268 1082
0 -60 -50 4 707 113 338 1162
0 -60 -50 4 461 125 123 713
0 -60 -50 10 787 153 251 1201
0 -64 -50 5 258 60 248 571
0 -64 -50 3 1827 150 198 2178
0 -66 -50 5 361 110 178 654
0 -66 -50 2 637 81 100 820
0 -66 -50 4 924 153 156 1237
0 -63 -50 5 421 193 1131 1750
0 -63 -50 6 857 149 876 1888
0 -63 -50 6 500 174 230 910
0 -63 -50 5 908 158 765 1836
0 -61 -50 5 1096 145 186 1432
0 -61 -50 5 410 152 1003 1570
0 -61 -50 4 974 159 1075 2212
0 -66 -50 2 685 76 9968 10731
0 -66 -50 2 391 97 374 864
0 -66 -50 2 363 54 537 956
0 -66 -50 5 564 72 469 1110
0 -66 -50 4 607 259 392 1262
0 -66 -50 3 477 67 189 736
0 -66 -50 5 815 165 439 1424
0 -66 -50 4 624 142 312 1082
0 -66 -50 6 638 75 276 995
0 -67 -50 5 618 181 760 1564
0 -67 -50 5 503 184 1573 2265
0 -67 -50 7 376 210 158 751
0 -67 -50 5 485 141 137 768
0 -68 -60 2 529 71 205 807
0 -68 -60 4 324 69 75 472
0 -68 -60 2 530 64 126 722
0 -70 -70 2 277 76 141 496
0 -70 -70 3 814 142 149 1108
0 -69 -60 7 642 63 254 966
0 -69 -60 7 424 284 608 1323
0 -69 -60 8 960 124 386 1478
0 -69 -60 6 705 64 178 953
0 -69 -60 3 535 52 126 716
0 -69 -60 3 434 156 95 688
0 -71 -60 5 547 74 428 1054
0 -71 -60 3 363 65 143 574
0 -71 -60 3 301 79 324 707
0 -71 -50 3 658 117 468 1246
0 -71 -50 7 482 104 436 1029
0 -71 -50 4 725 145 433 1307
0 -71 -50 5 300 58 150 513
0 -73 -50 2 279 52 356 689
0 -73 -50 4 368 62 698 1132
0 -70 -50 8 293 51 887 1239
0 -70 -50 3 706 60 453 1222
0 -70 -50 4 397 64 80 545
0 -68 -50 2 287 65 15960 16314
0 -68 -50 3 261 51 561 876
0 -68 -50 2 309 72 855 1238
0 -71 -50 3 321 51 466 841
0 -71 -50 3 634 58 585 1280
0 -71 -50 3 639 60 412 1114
0 -71 -50 3 891 69 301 1264
0 -75 -50 2 288 57 124 471
0 -75 -50 3 284 55 654 996
0 -75 -50 4 424 52 589 1069
2 -80 -50 2 703 22 514 1241
2 -80 -50 3 1904 16 252 2175
2 -78 -50 2 343 17 13 375
2 -78 -50 5 286 35 451 777
2 -78 -50 5 316 14 1031 1366
2 -78 -50 5 718 53 367 1143
2 -79 -60 5 931 43 220 1199
2 -79 -60 5 445 13 239 702
0 -79 -60 4 348 22 254 628
0 -79 -60 5 521 27 669 1222
0 -79 -60 5 674 24 444 1147
0 -80 -60 5 509 10 700 1224
0 -80 -60 4 373 16 149 542
0 -80 -60 4 837 28 492 1361
0 -80 -60 4 1022 16 184 1226
0 -80 -60 2 329 14 30 375
0 -80 -60 2 409 15 622 1048
0 -82 -60 2 340 13 636 991
0 -82 -60 2 307 12 704 1025
0 -82 -60 5 775 25 474 1279
0 -82 -60 9 742 14 635 1400
0 -82 -60 3 407 29 16 455
0 -82 -60 2 321 17 538 878
0 -64 -40 3 582 146 13095 13826
0 -64 -40 5 1355 115 1386 2861
0 -64 -40 3 403 59 301 766
0 -64 -40 2 445 219 63 729
0 -62 -40 3 257 67 567 894
0 -62 -40 3 500 58 159 720
0 -62 -40 2 339 75 70 486
0 -62 -40 2 395 71 149 617
0 -59 -50 3 489 117 177 786
0 -59 -50 3 408 63 273 747
0 -59 -50 3 526 146 508 1183
0 -59 -50 5 453 73 420 951
0 -60 -50 3 492 165 779 1439
0 -60 -50 5 651 158 268 1082
0 -60 -50 4 707 113 338 1162
0 -60 -50 4 461 125 123 713
0 -60 -50 10 787 153 251 1201
0 -64 -50 5 258 60 248 571
0 -64 -50 3 1827 150 198 2178
0 -66 -50 5 361 110 178 654
0 -66 -50 2 637 81 100 820
0 -66 -50 4 924 153 156 1237
0 -63 -50 5 421 193 1131 1750
0 -63 -50 6 857 149 876 1888
0 -63 -50 6 500 174 230 910
0 -63 -50 5 908 158 765 1836
0 -61 -50 5 1096 145 186 1432
0 -61 -50 5 410 152 1003 1570
0 -61 -50 4 974 159 1075 2212
0 -66 -50 2 685 76 9968 10731
0 -66 -50 2 391 97 374 864
0 -66 -50 2 363 54 537 956
0 -66 -50 5 564 72 469 1110
0 -66 -50 4 607 259 392 1262
0 -66 -50 3 477 67 189 736
0 -66 -50 5 815 165 439 1424
0 -66 -50 4 624 142 312 1082
0 -66 -50 6 638 75 276 995
0 -67 -50 5 618 181 760 1564
0 -67 -50 5 503 184 1573 2265
0 -67 -50 7 376 210 158 751
0 -67 -50 5 485 141 137 768
0 -68 -60 2 529 71 205 807
0 -68 -60 4 324 69 75 472
0 -68 -60 2 530 64 126 722
0 -70 -70 2 277 76 141 496
0 -70 -70 3 814 142 149 1108
0 -69 -60 7 642 63 254 966
0 -69 -60 7 424 284 608 1323
0 -69 -60 8 960 124 386 1478
0 -69 -60 6 705 64 178 953
0 -69 -60 3 535 52 126 716
0 -69 -60 3 434 156 95 688
0 -71 -60 5 547 74 428 1054
0 -71 -60 3 363 65 143 574
0 -71 -60 3 301 79 324 707
0 -71 -50 3 658 117 468 1246
0 -71 -50 7 482 104 436 1029
0 -71 -50 4 725 145 433 1307
0 -71 -50 5 300 58 150 513
0 -73 -50 2 279 52 356 689
0 -73 -50 4 368 62 698 1132
0 -70 -50 8 293 51 887 1239
0 -70 -50 3 706 60 453 1222
0 -70 -50 4 397 64 80 545
0 -68 -50 2 287 65 15960 16314
0 -68 -50 3 261 51 561 876
0 -68 -50 2 309 72 855 1238
0 -71 -50 3 321 51 466 841
0 -71 -50 3 634 58 585 1280
0 -71 -50 3 639 60 412 1114
0 -71 -50 3 891 69 301 1264
0 -75 -50 2 288 57 124 471
0 -75 -50 3 284 55 654 996
0 -75 -50 4 424 52 589 1069
